2012-09-23_02-37-30  Script gestartet
2012-09-23_02-37-30  Raspberry ist online, starte Streaming...
2012-09-23_02-38-52  Streaming beendet.
2012-09-23_02-38-52  Raspberry ist online, starte Streaming...
2012-09-23_02-45-31  Streaming beendet.
2012-09-23_02-45-31  Raspberry ist online, starte Streaming...
2012-09-23_08-26-03  Script gestartet
2012-09-23_08-26-03  Raspberry ist online, starte Streaming...
2012-09-23_08-27-35  Streaming beendet.
2012-09-23_08-27-36  Raspberry ist online, starte Streaming...
2012-09-23_10-28-18  Script gestartet
2012-09-23_10-28-18  Raspberry ist online, starte Streaming...
2012-09-23_10-34-37  Streaming beendet.
2012-09-23_10-34-38  Raspberry ist online, starte Streaming...
2012-09-23_08-36-51  Streaming beendet.
2012-09-23_08-36-52  Raspberry ist online, starte Streaming...
2012-09-23_08-37-34  Streaming beendet.
2012-09-23_08-37-35  Raspberry ist online, starte Streaming...
2012-09-23_08-38-00  Streaming beendet.
2012-09-23_08-38-01  Raspberry ist online, starte Streaming...
2012-09-23_08-40-41  Streaming beendet.
2012-09-23_08-40-42  Raspberry ist online, starte Streaming...
2012-09-23_08-47-33  Streaming beendet.
2012-09-23_08-47-34  Raspberry ist online, starte Streaming...
2012-09-23_08-48-56  Streaming beendet.
2012-09-23_08-48-57  Raspberry ist online, starte Streaming...
2012-09-23_08-51-05  Streaming beendet.
2012-09-23_08-51-06  Raspberry ist online, starte Streaming...
2012-09-23_08-51-07  Streaming beendet.
2012-09-23_08-51-10  Script gestartet
2012-09-23_08-51-10  Raspberry ist online, starte Streaming...
2012-09-23_08-51-11  Streaming beendet.
2012-09-23_10-54-45  Script gestartet
2012-09-23_10-54-45  Raspberry ist online, starte Streaming...
2012-09-23_10-57-30  Streaming beendet.
2012-09-23_10-57-31  Raspberry ist online, starte Streaming...
2012-09-23_10-58-38  Streaming beendet.
2012-09-23_10-58-39  Raspberry ist online, starte Streaming...
2012-09-23_11-01-19  Streaming beendet.
2012-09-23_11-01-20  Raspberry ist online, starte Streaming...
2012-09-23_11-05-44  Streaming beendet.
2012-09-23_11-05-45  Raspberry ist online, starte Streaming...
2012-09-23_11-10-43  Streaming beendet.
2012-09-23_11-10-44  Raspberry ist online, starte Streaming...
2012-09-23_11-20-11  Streaming beendet.
2012-09-23_11-20-12  Raspberry ist online, starte Streaming...
2012-09-23_11-28-41  Streaming beendet.
2012-09-23_11-28-42  Raspberry ist online, starte Streaming...
2012-09-23_11-29-48  Streaming beendet.
2012-09-23_11-29-49  Raspberry ist online, starte Streaming...
2012-09-23_11-38-05  Streaming beendet.
2012-09-23_11-38-06  Raspberry ist online, starte Streaming...
2012-09-23_11-42-48  Streaming beendet.
2012-09-23_11-42-49  Raspberry ist online, starte Streaming...
2012-09-23_11-51-56  Streaming beendet.
2012-09-23_11-51-57  Raspberry ist online, starte Streaming...
2012-09-23_11-56-09  Streaming beendet.
2012-09-23_11-56-10  Raspberry ist online, starte Streaming...
2012-09-23_11-57-45  Streaming beendet.
2012-09-23_11-57-46  Raspberry ist online, starte Streaming...
2012-09-23_12-01-26  Streaming beendet.
2012-09-23_12-01-27  Raspberry ist online, starte Streaming...
2012-09-23_12-09-06  Streaming beendet.
2012-09-23_12-09-07  Raspberry ist nicht online.
2012-09-23_12-09-07  1. Fehlversuch: Warte 20 Sekunden...
2012-09-23_12-09-27  Raspberry ist nicht online.
2012-09-23_12-09-27  1. Fehlversuch: Warte 20 Sekunden...
2012-09-23_12-09-47  Raspberry ist nicht online.
2012-09-23_12-09-47  1. Fehlversuch: Warte 20 Sekunden...
2012-09-23_12-10-07  Raspberry ist nicht online.
2012-09-23_12-10-07  1. Fehlversuch: Warte 20 Sekunden...
2012-09-23_12-10-27  Raspberry ist nicht online.
2012-09-23_12-10-28  1. Fehlversuch: Warte 20 Sekunden...
2012-09-23_12-10-48  Raspberry ist nicht online.
2012-09-23_12-10-48  1. Fehlversuch: Warte 20 Sekunden...
2012-09-23_12-11-08  Raspberry ist nicht online.
2012-09-23_12-11-08  1. Fehlversuch: Warte 20 Sekunden...
2012-09-23_12-11-28  Raspberry ist nicht online.
2012-09-23_12-11-28  1. Fehlversuch: Warte 20 Sekunden...
2012-09-23_12-11-48  Raspberry ist nicht online.
2012-09-23_12-11-48  1. Fehlversuch: Warte 20 Sekunden...
2012-09-23_12-12-08  Raspberry ist nicht online.
2012-09-23_12-12-08  1. Fehlversuch: Warte 20 Sekunden...
2012-09-23_12-12-28  Raspberry ist nicht online.
2012-09-23_12-12-28  1. Fehlversuch: Warte 20 Sekunden...
2012-09-23_12-12-48  Raspberry ist nicht online.
2012-09-23_12-12-48  1. Fehlversuch: Warte 20 Sekunden...
2012-09-23_12-13-08  Raspberry ist nicht online.
2012-09-23_12-13-09  1. Fehlversuch: Warte 20 Sekunden...
2012-09-23_12-13-29  Raspberry ist nicht online.
2012-09-23_12-13-29  1. Fehlversuch: Warte 20 Sekunden...
2012-09-23_12-14-58  Script gestartet
2012-09-23_12-14-58  Raspberry ist nicht online.
2012-09-23_12-14-58  1. Fehlversuch: Warte 20 Sekunden...
2012-09-23_12-15-18  Raspberry ist nicht online.
2012-09-23_12-15-18  2. Fehlversuch: Warte 20 Sekunden...
2012-09-23_12-15-38  Raspberry ist nicht online.
2012-09-23_12-15-38  3. Fehlversuch: Warte 20 Sekunden...
2012-09-23_12-15-58  Raspberry ist nicht online.
2012-09-23_12-15-58  4. Fehlversuch: Warte 20 Sekunden...
2012-09-23_12-16-18  Raspberry ist nicht online.
2012-09-23_12-16-19  5. Fehlversuch: Warte 20 Sekunden...
2012-09-23_12-16-39  Raspberry ist nicht online.
2012-09-23_12-16-39  6. Fehlversuch: Warte 20 Sekunden...
2012-09-23_12-16-59  Raspberry ist nicht online.
2012-09-23_12-16-59  7. Fehlversuch: Warte 20 Sekunden...
2012-09-23_12-17-19  Raspberry ist nicht online.
2012-09-23_12-17-19  8. Fehlversuch: Warte 20 Sekunden...
2012-09-23_12-18-15  Script gestartet
2012-09-23_12-18-15  Raspberry ist nicht online.
2012-09-23_12-18-15  1. Fehlversuch: Warte 20 Sekunden...
2012-09-23_12-18-27  Script gestartet
2012-09-23_12-18-27  Raspberry ist nicht online.
2012-09-23_12-18-27  1. Fehlversuch: Warte 20 Sekunden...
2012-09-23_12-19-01  Script gestartet
2012-09-23_12-19-01  Raspberry ist nicht online.
2012-09-23_12-19-01  1. Fehlversuch: Warte 20 Sekunden...
2012-09-23_12-19-21  Raspberry ist nicht online.
2012-09-23_12-19-21  2. Fehlversuch: Warte 20 Sekunden...
2012-09-23_12-19-41  Raspberry ist nicht online.
2012-09-23_12-19-41  3. Fehlversuch: Warte 20 Sekunden...
2012-09-23_12-20-01  Raspberry ist nicht online.
2012-09-23_12-20-01  4. Fehlversuch: Versuche sshfs erneut zu mounten...
2012-09-23_12-20-29  Script gestartet
2012-09-23_12-20-29  Raspberry ist online, starte Streaming...
2012-09-23_12-21-51  Streaming beendet.
2012-09-23_12-21-52  Raspberry ist online, starte Streaming...
2012-09-23_12-26-48  Streaming beendet.
2012-09-23_12-26-49  Raspberry ist online, starte Streaming...
2012-09-23_12-30-32  Streaming beendet.
2012-09-23_12-30-33  Raspberry ist nicht online.
2012-09-23_12-30-33  1. Fehlversuch: Warte 20 Sekunden...
2012-09-23_12-30-53  Raspberry ist nicht online.
2012-09-23_12-30-53  2. Fehlversuch: Warte 20 Sekunden...
2012-09-23_12-31-13  Raspberry ist nicht online.
2012-09-23_12-31-13  3. Fehlversuch: Warte 20 Sekunden...
2012-09-23_12-31-33  Raspberry ist nicht online.
2012-09-23_12-31-33  4. Fehlversuch: Versuche sshfs erneut zu mounten...
2012-09-23_12-32-19  Script gestartet
2012-09-23_12-32-19  Raspberry ist nicht online.
2012-09-23_12-32-19  1. Fehlversuch: Warte 20 Sekunden...
2012-09-23_12-32-39  Raspberry ist nicht online.
2012-09-23_12-32-39  2. Fehlversuch: Warte 20 Sekunden...
2012-09-23_12-32-59  Raspberry ist online, starte Streaming...
2012-09-23_12-44-02  Streaming beendet.
2012-09-23_12-44-04  Raspberry ist online, starte Streaming...
2012-09-23_12-48-23  Streaming beendet.
2012-09-23_12-48-24  Raspberry ist online, starte Streaming...
2012-09-23_12-50-54  Streaming beendet.
2012-09-23_12-50-55  Raspberry ist online, starte Streaming...
2012-09-23_12-32-20  Script gestartet
2012-09-23_12-32-20  Raspberry ist nicht online.
2012-09-23_12-32-20  1. Fehlversuch: Warte 20 Sekunden...
2012-09-23_12-32-40  Raspberry ist online, starte Streaming...
2012-09-23_13-32-43  Streaming beendet.
2012-09-23_13-32-44  Raspberry ist online, starte Streaming...
2012-09-23_13-34-29  Streaming beendet.
2012-09-23_13-34-30  Raspberry ist online, starte Streaming...
2012-09-23_13-17-29  Script gestartet
2012-09-23_13-17-29  Raspberry ist nicht online.
2012-09-23_13-17-29  1. Fehlversuch: Warte 20 Sekunden...
2012-09-23_13-17-52  Raspberry ist online, starte Streaming...
2012-09-23_13-48-05  Streaming beendet.
2012-09-23_13-48-06  Raspberry ist online, starte Streaming...
2012-09-23_13-57-02  Streaming beendet.
2012-09-23_13-57-04  Raspberry ist online, starte Streaming...
2012-09-23_14-10-44  Streaming beendet.
2012-09-23_14-10-45  Raspberry ist online, starte Streaming...
2012-09-23_14-20-13  Streaming beendet.
2012-09-23_14-20-14  Raspberry ist online, starte Streaming...
2012-09-23_14-33-09  Streaming beendet.
2012-09-23_14-33-10  Raspberry ist online, starte Streaming...
2012-09-23_14-35-56  Streaming beendet.
2012-09-23_14-35-57  Raspberry ist online, starte Streaming...
2012-09-23_14-47-16  Streaming beendet.
2012-09-23_14-47-18  Raspberry ist online, starte Streaming...
2012-09-23_14-58-03  Streaming beendet.
2012-09-23_14-58-04  Raspberry ist online, starte Streaming...
2012-09-23_15-20-39  Streaming beendet.
2012-09-23_15-20-40  Raspberry ist online, starte Streaming...
2012-09-23_15-25-36  Streaming beendet.
2012-09-23_15-25-37  Raspberry ist online, starte Streaming...
2012-09-23_15-54-47  Streaming beendet.
2012-09-23_15-54-48  Raspberry ist online, starte Streaming...
2012-09-23_15-57-01  Streaming beendet.
2012-09-23_15-57-02  Raspberry ist online, starte Streaming...
2012-09-23_16-21-45  Streaming beendet.
2012-09-23_16-21-47  Raspberry ist online, starte Streaming...
2012-09-23_16-23-20  Streaming beendet.
2012-09-23_16-23-21  Raspberry ist online, starte Streaming...
2012-09-23_16-36-30  Streaming beendet.
2012-09-23_16-36-31  Raspberry ist online, starte Streaming...
2012-09-23_16-37-42  Streaming beendet.
2012-09-23_16-37-44  Raspberry ist online, starte Streaming...
2012-09-23_16-54-38  Streaming beendet.
2012-09-23_16-54-39  Raspberry ist online, starte Streaming...
2012-09-23_17-02-44  Streaming beendet.
2012-09-23_17-02-45  Raspberry ist online, starte Streaming...
2012-09-23_17-05-15  Streaming beendet.
2012-09-23_17-05-16  Raspberry ist online, starte Streaming...
2012-09-23_17-13-33  Streaming beendet.
2012-09-23_17-13-34  Raspberry ist online, starte Streaming...
2012-09-23_17-19-30  Streaming beendet.
2012-09-23_17-19-31  Raspberry ist online, starte Streaming...
2012-09-23_17-32-57  Streaming beendet.
2012-09-23_17-32-58  Raspberry ist online, starte Streaming...
2012-09-23_17-40-50  Streaming beendet.
2012-09-23_17-40-51  Raspberry ist online, starte Streaming...
2012-09-23_17-41-19  Streaming beendet.
2012-09-23_17-41-20  Raspberry ist online, starte Streaming...
2012-09-23_17-44-23  Streaming beendet.
2012-09-23_17-44-24  Raspberry ist online, starte Streaming...
2012-09-23_17-47-44  Streaming beendet.
